
*** Running vivado
    with args -log vga_top.vds -m64 -product Vivado -mode batch -messageDb vivado.pb -notrace -source vga_top.tcl



****** Vivado v2024.1 (64-bit)
  **** SW Build 5076996 on Wed May 22 18:37:14 MDT 2024
  **** IP Build 5075265 on Wed May 22 21:45:21 MDT 2024
  **** SharedData Build 5076995 on Wed May 22 18:29:18 MDT 2024
  **** Start of session at: Wed Dec  3 22:17:52 2025
    ** Copyright 1986-2022 Xilinx, Inc. All Rights Reserved.
    ** Copyright 2022-2024 Advanced Micro Devices, Inc. All Rights Reserved.

source vga_top.tcl -notrace
create_project: Time (s): cpu = 00:00:09 ; elapsed = 00:00:10 . Memory (MB): peak = 603.949 ; gain = 198.066
Command: read_checkpoint -auto_incremental -incremental C:/proj/FPGA_Surfers/project_1/project_1.srcs/utils_1/imports/synth_1/vga_top.dcp
INFO: [Vivado 12-5825] Read reference checkpoint from C:/proj/FPGA_Surfers/project_1/project_1.srcs/utils_1/imports/synth_1/vga_top.dcp for incremental synthesis
INFO: [Vivado 12-7989] Please ensure there are no constraint changes
Command: synth_design -top vga_top -part xc7a100tcsg324-1
Starting synth_design
Attempting to get a license for feature 'Synthesis' and/or device 'xc7a100t'
INFO: [Common 17-349] Got license for feature 'Synthesis' and/or device 'xc7a100t'
INFO: [Device 21-403] Loading part xc7a100tcsg324-1
INFO: [Device 21-9227] Part: xc7a100tcsg324-1 does not have CEAM library.
INFO: [Designutils 20-5440] No compile time benefit to using incremental synthesis; A full resynthesis will be run
INFO: [Designutils 20-4379] Flow is switching to default flow due to incremental criteria not met. If you would like to alter this behaviour and have the flow terminate instead, please set the following parameter config_implementation {autoIncr.Synth.RejectBehavior Terminate}
INFO: [Synth 8-7079] Multithreading enabled for synth_design using a maximum of 2 processes.
INFO: [Synth 8-7078] Launching helper process for spawning children vivado processes
INFO: [Synth 8-7075] Helper process launched with PID 5596
---------------------------------------------------------------------------------
Starting RTL Elaboration : Time (s): cpu = 00:00:07 ; elapsed = 00:00:08 . Memory (MB): peak = 1475.621 ; gain = 449.090
---------------------------------------------------------------------------------
INFO: [Synth 8-6157] synthesizing module 'vga_top' [C:/proj/FPGA_Surfers/vga_top.v:14]
INFO: [Synth 8-6157] synthesizing module 'display_controller' [C:/proj/FPGA_Surfers/display_controller.v:8]
INFO: [Synth 8-6155] done synthesizing module 'display_controller' (0#1) [C:/proj/FPGA_Surfers/display_controller.v:8]
INFO: [Synth 8-6157] synthesizing module 'vga_bitchange' [C:/proj/FPGA_Surfers/vga_bitchange.v:3]
INFO: [Synth 8-6157] synthesizing module 'boat_anim' [C:/proj/FPGA_Surfers/boat_anim.v:25]
INFO: [Synth 8-6157] synthesizing module 'boat0_rom' [C:/proj/FPGA_Surfers/boat0_12_bit_rom.v:1]
INFO: [Synth 8-6155] done synthesizing module 'boat0_rom' (0#1) [C:/proj/FPGA_Surfers/boat0_12_bit_rom.v:1]
INFO: [Synth 8-6157] synthesizing module 'boat1_rom' [C:/proj/FPGA_Surfers/boat1_12_bit_rom.v:1]
INFO: [Synth 8-6155] done synthesizing module 'boat1_rom' (0#1) [C:/proj/FPGA_Surfers/boat1_12_bit_rom.v:1]
INFO: [Synth 8-6157] synthesizing module 'boat2_rom' [C:/proj/FPGA_Surfers/boat2_12_bit_rom.v:1]
INFO: [Synth 8-6155] done synthesizing module 'boat2_rom' (0#1) [C:/proj/FPGA_Surfers/boat2_12_bit_rom.v:1]
INFO: [Synth 8-6157] synthesizing module 'boat3_rom' [C:/proj/FPGA_Surfers/boat3_12_bit_rom.v:1]
INFO: [Synth 8-6155] done synthesizing module 'boat3_rom' (0#1) [C:/proj/FPGA_Surfers/boat3_12_bit_rom.v:1]
INFO: [Synth 8-6157] synthesizing module 'boat4_rom' [C:/proj/FPGA_Surfers/boat4_12_bit_rom.v:1]
INFO: [Synth 8-6155] done synthesizing module 'boat4_rom' (0#1) [C:/proj/FPGA_Surfers/boat4_12_bit_rom.v:1]
INFO: [Synth 8-6157] synthesizing module 'boat5_rom' [C:/proj/FPGA_Surfers/boat5_12_bit_rom.v:1]
INFO: [Synth 8-6155] done synthesizing module 'boat5_rom' (0#1) [C:/proj/FPGA_Surfers/boat5_12_bit_rom.v:1]
INFO: [Synth 8-6157] synthesizing module 'boat6_rom' [C:/proj/FPGA_Surfers/boat6_12_bit_rom.v:1]
INFO: [Synth 8-6155] done synthesizing module 'boat6_rom' (0#1) [C:/proj/FPGA_Surfers/boat6_12_bit_rom.v:1]
INFO: [Synth 8-6157] synthesizing module 'boat7_rom' [C:/proj/FPGA_Surfers/boat7_12_bit_rom.v:1]
INFO: [Synth 8-6155] done synthesizing module 'boat7_rom' (0#1) [C:/proj/FPGA_Surfers/boat7_12_bit_rom.v:1]
INFO: [Synth 8-226] default block is never used [C:/proj/FPGA_Surfers/boat_anim.v:87]
INFO: [Synth 8-6155] done synthesizing module 'boat_anim' (0#1) [C:/proj/FPGA_Surfers/boat_anim.v:25]
INFO: [Synth 8-6157] synthesizing module 'rock_rom' [C:/proj/FPGA_Surfers/rock_12_bit_rom.v:1]
INFO: [Synth 8-6155] done synthesizing module 'rock_rom' (0#1) [C:/proj/FPGA_Surfers/rock_12_bit_rom.v:1]
INFO: [Synth 8-6155] done synthesizing module 'vga_bitchange' (0#1) [C:/proj/FPGA_Surfers/vga_bitchange.v:3]
INFO: [Synth 8-6157] synthesizing module 'counter' [C:/proj/FPGA_Surfers/counter.v:3]
INFO: [Synth 8-6155] done synthesizing module 'counter' (0#1) [C:/proj/FPGA_Surfers/counter.v:3]
INFO: [Synth 8-6155] done synthesizing module 'vga_top' (0#1) [C:/proj/FPGA_Surfers/vga_top.v:14]
WARNING: [Synth 8-3917] design vga_top has port An4 driven by constant 1
WARNING: [Synth 8-3917] design vga_top has port An5 driven by constant 1
WARNING: [Synth 8-3917] design vga_top has port An6 driven by constant 1
WARNING: [Synth 8-3917] design vga_top has port An7 driven by constant 1
WARNING: [Synth 8-3917] design vga_top has port Dp driven by constant 1
WARNING: [Synth 8-3917] design vga_top has port QuadSpiFlashCS driven by constant 1
WARNING: [Synth 8-7129] Port BtnU in module vga_top is either unconnected or has no load
---------------------------------------------------------------------------------
Finished RTL Elaboration : Time (s): cpu = 00:00:24 ; elapsed = 00:00:26 . Memory (MB): peak = 1899.207 ; gain = 872.676
---------------------------------------------------------------------------------
---------------------------------------------------------------------------------
Start Handling Custom Attributes
---------------------------------------------------------------------------------
---------------------------------------------------------------------------------
Finished Handling Custom Attributes : Time (s): cpu = 00:00:25 ; elapsed = 00:00:27 . Memory (MB): peak = 1899.207 ; gain = 872.676
---------------------------------------------------------------------------------
---------------------------------------------------------------------------------
Finished RTL Optimization Phase 1 : Time (s): cpu = 00:00:25 ; elapsed = 00:00:27 . Memory (MB): peak = 1899.207 ; gain = 872.676
---------------------------------------------------------------------------------
Netlist sorting complete. Time (s): cpu = 00:00:02 ; elapsed = 00:00:01 . Memory (MB): peak = 1899.207 ; gain = 0.000
INFO: [Project 1-570] Preparing netlist for logic optimization

Processing XDC Constraints
Initializing timing engine
Parsing XDC File [C:/proj/FPGA_Surfers/vga_demo.xdc]
Finished Parsing XDC File [C:/proj/FPGA_Surfers/vga_demo.xdc]
INFO: [Project 1-236] Implementation specific constraints were found while reading constraint file [C:/proj/FPGA_Surfers/vga_demo.xdc]. These constraints will be ignored for synthesis but will be used in implementation. Impacted constraints are listed in the file [.Xil/vga_top_propImpl.xdc].
Resolution: To avoid this warning, move constraints listed in [.Xil/vga_top_propImpl.xdc] to another XDC file and exclude this new file from synthesis with the used_in_synthesis property (File Properties dialog in GUI) and re-run elaboration/synthesis.
Completed Processing XDC Constraints

Netlist sorting complete. Time (s): cpu = 00:00:00 ; elapsed = 00:00:00.012 . Memory (MB): peak = 2046.324 ; gain = 0.000
INFO: [Project 1-111] Unisim Transformation Summary:
No Unisim elements were transformed.

---------------------------------------------------------------------------------
Finished Constraint Validation : Time (s): cpu = 00:00:51 ; elapsed = 00:00:53 . Memory (MB): peak = 2046.324 ; gain = 1019.793
---------------------------------------------------------------------------------
---------------------------------------------------------------------------------
Start Loading Part and Timing Information
---------------------------------------------------------------------------------
Loading part: xc7a100tcsg324-1
---------------------------------------------------------------------------------
Finished Loading Part and Timing Information : Time (s): cpu = 00:00:51 ; elapsed = 00:00:53 . Memory (MB): peak = 2046.324 ; gain = 1019.793
---------------------------------------------------------------------------------
---------------------------------------------------------------------------------
Start Applying 'set_property' XDC Constraints
---------------------------------------------------------------------------------
---------------------------------------------------------------------------------
Finished applying 'set_property' XDC Constraints : Time (s): cpu = 00:00:51 ; elapsed = 00:00:53 . Memory (MB): peak = 2046.324 ; gain = 1019.793
---------------------------------------------------------------------------------
INFO: [Synth 8-802] inferred FSM for state register 'game_state_reg' in module 'vga_bitchange'
WARNING: [Synth 8-327] inferring latch for variable 'color_data_reg' [C:/proj/FPGA_Surfers/boat0_12_bit_rom.v:22]
WARNING: [Synth 8-327] inferring latch for variable 'color_data_reg' [C:/proj/FPGA_Surfers/boat1_12_bit_rom.v:22]
WARNING: [Synth 8-327] inferring latch for variable 'color_data_reg' [C:/proj/FPGA_Surfers/boat2_12_bit_rom.v:22]
WARNING: [Synth 8-327] inferring latch for variable 'color_data_reg' [C:/proj/FPGA_Surfers/boat3_12_bit_rom.v:22]
WARNING: [Synth 8-327] inferring latch for variable 'color_data_reg' [C:/proj/FPGA_Surfers/boat4_12_bit_rom.v:22]
WARNING: [Synth 8-327] inferring latch for variable 'color_data_reg' [C:/proj/FPGA_Surfers/boat5_12_bit_rom.v:22]
WARNING: [Synth 8-327] inferring latch for variable 'color_data_reg' [C:/proj/FPGA_Surfers/boat6_12_bit_rom.v:22]
WARNING: [Synth 8-327] inferring latch for variable 'color_data_reg' [C:/proj/FPGA_Surfers/boat7_12_bit_rom.v:22]
WARNING: [Synth 8-327] inferring latch for variable 'color_data_reg' [C:/proj/FPGA_Surfers/rock_12_bit_rom.v:29]
---------------------------------------------------------------------------------------------------
                   State |                     New Encoding |                Previous Encoding 
---------------------------------------------------------------------------------------------------
                 ST_PLAY |                              001 |                               01
             ST_GAMEOVER |                              010 |                               10
                ST_START |                              100 |                               00
---------------------------------------------------------------------------------------------------
INFO: [Synth 8-3354] encoded FSM with state register 'game_state_reg' using encoding 'one-hot' in module 'vga_bitchange'
---------------------------------------------------------------------------------
Finished RTL Optimization Phase 2 : Time (s): cpu = 00:01:33 ; elapsed = 00:01:38 . Memory (MB): peak = 2493.926 ; gain = 1467.395
---------------------------------------------------------------------------------
---------------------------------------------------------------------------------
Start RTL Component Statistics 
---------------------------------------------------------------------------------
Detailed RTL Component Info : 
+---Adders : 
	   3 Input   11 Bit       Adders := 9     
	   2 Input   10 Bit       Adders := 14    
	   2 Input    6 Bit       Adders := 1     
	   3 Input    6 Bit       Adders := 9     
	   2 Input    3 Bit       Adders := 1     
	   2 Input    2 Bit       Adders := 1     
+---XORs : 
	   2 Input      1 Bit         XORs := 1     
+---Registers : 
	               10 Bit    Registers := 7     
	                8 Bit    Registers := 1     
	                6 Bit    Registers := 24    
	                3 Bit    Registers := 1     
	                2 Bit    Registers := 5     
	                1 Bit    Registers := 7     
+---Muxes : 
	   2 Input   12 Bit        Muxes := 4438  
	   7 Input   12 Bit        Muxes := 100   
	   3 Input   12 Bit        Muxes := 243   
	   4 Input   12 Bit        Muxes := 331   
	   6 Input   12 Bit        Muxes := 180   
	   9 Input   12 Bit        Muxes := 70    
	   5 Input   12 Bit        Muxes := 100   
	   8 Input   12 Bit        Muxes := 78    
	  11 Input   12 Bit        Muxes := 12    
	  16 Input   12 Bit        Muxes := 46    
	  17 Input   12 Bit        Muxes := 16    
	  10 Input   12 Bit        Muxes := 32    
	  19 Input   12 Bit        Muxes := 12    
	  15 Input   12 Bit        Muxes := 18    
	  13 Input   12 Bit        Muxes := 8     
	  18 Input   12 Bit        Muxes := 3     
	  14 Input   12 Bit        Muxes := 10    
	  20 Input   12 Bit        Muxes := 1     
	  12 Input   12 Bit        Muxes := 5     
	  27 Input   12 Bit        Muxes := 4     
	  23 Input   12 Bit        Muxes := 4     
	   2 Input   11 Bit        Muxes := 154   
	   6 Input   11 Bit        Muxes := 8     
	   8 Input   11 Bit        Muxes := 26    
	   7 Input   11 Bit        Muxes := 8     
	   3 Input   11 Bit        Muxes := 24    
	   4 Input   10 Bit        Muxes := 1     
	   2 Input   10 Bit        Muxes := 14    
	   2 Input    4 Bit        Muxes := 76    
	   4 Input    4 Bit        Muxes := 14    
	   6 Input    4 Bit        Muxes := 8     
	   5 Input    4 Bit        Muxes := 8     
	   8 Input    4 Bit        Muxes := 4     
	   3 Input    3 Bit        Muxes := 1     
	   2 Input    3 Bit        Muxes := 1     
	   2 Input    2 Bit        Muxes := 4     
	   2 Input    1 Bit        Muxes := 11    
	   3 Input    1 Bit        Muxes := 11    
---------------------------------------------------------------------------------
Finished RTL Component Statistics 
---------------------------------------------------------------------------------
---------------------------------------------------------------------------------
Start Part Resource Summary
---------------------------------------------------------------------------------
Part Resources:
DSPs: 240 (col length:80)
BRAMs: 270 (col length: RAMB18 80 RAMB36 40)
---------------------------------------------------------------------------------
Finished Part Resource Summary
---------------------------------------------------------------------------------
---------------------------------------------------------------------------------
Start Cross Boundary and Area Optimization
---------------------------------------------------------------------------------
WARNING: [Synth 8-7080] Parallel synthesis criteria is not met
WARNING: [Synth 8-3917] design vga_top has port An4 driven by constant 1
WARNING: [Synth 8-3917] design vga_top has port An5 driven by constant 1
WARNING: [Synth 8-3917] design vga_top has port An6 driven by constant 1
WARNING: [Synth 8-3917] design vga_top has port An7 driven by constant 1
WARNING: [Synth 8-3917] design vga_top has port Dp driven by constant 1
WARNING: [Synth 8-3917] design vga_top has port QuadSpiFlashCS driven by constant 1
WARNING: [Synth 8-7129] Port BtnU in module vga_top is either unconnected or has no load
---------------------------------------------------------------------------------
Finished Cross Boundary and Area Optimization : Time (s): cpu = 00:06:58 ; elapsed = 00:07:15 . Memory (MB): peak = 2885.391 ; gain = 1858.859
---------------------------------------------------------------------------------
---------------------------------------------------------------------------------
Start Applying XDC Timing Constraints
---------------------------------------------------------------------------------
---------------------------------------------------------------------------------
Finished Applying XDC Timing Constraints : Time (s): cpu = 00:07:05 ; elapsed = 00:07:22 . Memory (MB): peak = 2885.391 ; gain = 1858.859
---------------------------------------------------------------------------------
---------------------------------------------------------------------------------
Start Timing Optimization
---------------------------------------------------------------------------------
---------------------------------------------------------------------------------
Finished Timing Optimization : Time (s): cpu = 00:07:15 ; elapsed = 00:07:33 . Memory (MB): peak = 2895.105 ; gain = 1868.574
---------------------------------------------------------------------------------
---------------------------------------------------------------------------------
Start Technology Mapping
---------------------------------------------------------------------------------
---------------------------------------------------------------------------------
Finished Technology Mapping : Time (s): cpu = 00:07:21 ; elapsed = 00:07:39 . Memory (MB): peak = 2895.145 ; gain = 1868.613
---------------------------------------------------------------------------------
---------------------------------------------------------------------------------
Start IO Insertion
---------------------------------------------------------------------------------
---------------------------------------------------------------------------------
Start Flattening Before IO Insertion
---------------------------------------------------------------------------------
---------------------------------------------------------------------------------
Finished Flattening Before IO Insertion
---------------------------------------------------------------------------------
---------------------------------------------------------------------------------
Start Final Netlist Cleanup
---------------------------------------------------------------------------------
---------------------------------------------------------------------------------
Finished Final Netlist Cleanup
---------------------------------------------------------------------------------
---------------------------------------------------------------------------------
Finished IO Insertion : Time (s): cpu = 00:07:28 ; elapsed = 00:07:46 . Memory (MB): peak = 2895.145 ; gain = 1868.613
---------------------------------------------------------------------------------
---------------------------------------------------------------------------------
Start Renaming Generated Instances
---------------------------------------------------------------------------------
---------------------------------------------------------------------------------
Finished Renaming Generated Instances : Time (s): cpu = 00:07:28 ; elapsed = 00:07:46 . Memory (MB): peak = 2895.145 ; gain = 1868.613
---------------------------------------------------------------------------------
---------------------------------------------------------------------------------
Start Rebuilding User Hierarchy
---------------------------------------------------------------------------------
---------------------------------------------------------------------------------
Finished Rebuilding User Hierarchy : Time (s): cpu = 00:07:29 ; elapsed = 00:07:47 . Memory (MB): peak = 2895.145 ; gain = 1868.613
---------------------------------------------------------------------------------
---------------------------------------------------------------------------------
Start Renaming Generated Ports
---------------------------------------------------------------------------------
---------------------------------------------------------------------------------
Finished Renaming Generated Ports : Time (s): cpu = 00:07:29 ; elapsed = 00:07:47 . Memory (MB): peak = 2895.145 ; gain = 1868.613
---------------------------------------------------------------------------------
---------------------------------------------------------------------------------
Start Handling Custom Attributes
---------------------------------------------------------------------------------
---------------------------------------------------------------------------------
Finished Handling Custom Attributes : Time (s): cpu = 00:07:29 ; elapsed = 00:07:47 . Memory (MB): peak = 2895.145 ; gain = 1868.613
---------------------------------------------------------------------------------
---------------------------------------------------------------------------------
Start Renaming Generated Nets
---------------------------------------------------------------------------------
---------------------------------------------------------------------------------
Finished Renaming Generated Nets : Time (s): cpu = 00:07:29 ; elapsed = 00:07:47 . Memory (MB): peak = 2895.145 ; gain = 1868.613
---------------------------------------------------------------------------------
---------------------------------------------------------------------------------
Start Writing Synthesis Report
---------------------------------------------------------------------------------

Report BlackBoxes: 
+-+--------------+----------+
| |BlackBox name |Instances |
+-+--------------+----------+
+-+--------------+----------+

Report Cell Usage: 
+------+-------+------+
|      |Cell   |Count |
+------+-------+------+
|1     |BUFG   |     1|
|2     |CARRY4 |   121|
|3     |LUT1   |    41|
|4     |LUT2   |   200|
|5     |LUT3   |   209|
|6     |LUT4   |   301|
|7     |LUT5   |   555|
|8     |LUT6   |  2985|
|9     |MUXF7  |   861|
|10    |MUXF8  |   214|
|11    |FDRE   |   380|
|12    |FDSE   |    19|
|13    |LDC    |    81|
|14    |LDP    |    62|
|15    |IBUF   |     4|
|16    |OBUF   |    31|
+------+-------+------+
---------------------------------------------------------------------------------
Finished Writing Synthesis Report : Time (s): cpu = 00:07:29 ; elapsed = 00:07:47 . Memory (MB): peak = 2895.145 ; gain = 1868.613
---------------------------------------------------------------------------------
Synthesis finished with 0 errors, 0 critical warnings and 17 warnings.
Synthesis Optimization Runtime : Time (s): cpu = 00:06:48 ; elapsed = 00:07:34 . Memory (MB): peak = 2895.145 ; gain = 1721.496
Synthesis Optimization Complete : Time (s): cpu = 00:07:29 ; elapsed = 00:07:48 . Memory (MB): peak = 2895.145 ; gain = 1868.613
INFO: [Project 1-571] Translating synthesized netlist
Netlist sorting complete. Time (s): cpu = 00:00:00 ; elapsed = 00:00:00.064 . Memory (MB): peak = 2895.145 ; gain = 0.000
INFO: [Netlist 29-17] Analyzing 1339 Unisim elements for replacement
INFO: [Netlist 29-28] Unisim Transformation completed in 0 CPU seconds
INFO: [Project 1-570] Preparing netlist for logic optimization
INFO: [Opt 31-138] Pushed 0 inverter(s) to 0 load pin(s).
Netlist sorting complete. Time (s): cpu = 00:00:00 ; elapsed = 00:00:00.001 . Memory (MB): peak = 2898.703 ; gain = 0.000
INFO: [Project 1-111] Unisim Transformation Summary:
  A total of 143 instances were transformed.
  LDC => LDCE: 81 instances
  LDP => LDPE: 62 instances

Synth Design complete | Checksum: b8047bd
INFO: [Common 17-83] Releasing license: Synthesis
53 Infos, 24 Warnings, 0 Critical Warnings and 0 Errors encountered.
synth_design completed successfully
synth_design: Time (s): cpu = 00:07:37 ; elapsed = 00:07:57 . Memory (MB): peak = 2898.703 ; gain = 2289.402
Write ShapeDB Complete: Time (s): cpu = 00:00:00 ; elapsed = 00:00:00.018 . Memory (MB): peak = 2898.703 ; gain = 0.000
INFO: [Common 17-1381] The checkpoint 'C:/proj/FPGA_Surfers/project_1/project_1.runs/synth_1/vga_top.dcp' has been generated.
INFO: [Vivado 12-24828] Executing command : report_utilization -file vga_top_utilization_synth.rpt -pb vga_top_utilization_synth.pb
INFO: [Common 17-206] Exiting Vivado at Wed Dec  3 22:26:05 2025...
